
Showing logs for build [32mzeebe-io-zeebe-cluster-helm-mas-6gxvc-3[0m stage [32mfrom-build-pack[0m and container [32mstep-credential-initializer-tdcj5[0m
{"level":"info","ts":1592214984.9806828,"logger":"fallback-logger","caller":"logging/config.go:69","msg":"Fetch GitHub commit ID from kodata failed: open /var/run/ko/refs/heads/0.8.0-ns-support: no such file or directory"}
{"level":"info","ts":1592214984.9817982,"logger":"fallback-logger","caller":"creds-init/main.go:40","msg":"Credentials initialized."}

Showing logs for build [32mzeebe-io-zeebe-cluster-helm-mas-6gxvc-3[0m stage [32mfrom-build-pack[0m and container [32mstep-working-dir-initializer-59n4p[0m
{"level":"info","ts":1592214985.9610915,"logger":"fallback-logger","caller":"logging/config.go:69","msg":"Fetch GitHub commit ID from kodata failed: open /var/run/ko/HEAD: no such file or directory"}
{"level":"info","ts":1592214985.9975083,"logger":"fallback-logger","caller":"bash/main.go:64","msg":"Successfully executed command \"sh -c mkdir -p /workspace/source\"; output "}

Showing logs for build [32mzeebe-io-zeebe-cluster-helm-mas-6gxvc-3[0m stage [32mfrom-build-pack[0m and container [32mstep-place-tools[0m

Showing logs for build [32mzeebe-io-zeebe-cluster-helm-mas-6gxvc-3[0m stage [32mfrom-build-pack[0m and container [32mstep-git-source-zeebe-io-zeebe-cluster-helm-mas-6gxvc-qc7ph[0m
{"level":"info","ts":1592214992.1333218,"logger":"fallback-logger","caller":"logging/config.go:69","msg":"Fetch GitHub commit ID from kodata failed: open /var/run/ko/refs/heads/0.8.0-ns-support: no such file or directory"}
{"level":"info","ts":1592214993.6361208,"logger":"fallback-logger","caller":"git/git.go:103","msg":"Successfully cloned https://github.com/zeebe-io/zeebe-cluster-helm.git @ v0.0.116 in path /workspace/source"}

Showing logs for build [32mzeebe-io-zeebe-cluster-helm-mas-6gxvc-3[0m stage [32mfrom-build-pack[0m and container [32mstep-git-merge[0m
Using SHAs from PULL_REFS=master:7cbd4394c8a6db2d7568e3f7e7531d5303dc3b39
WARNING: no SHAs to merge, falling back to initial cloned commit

Showing logs for build [32mzeebe-io-zeebe-cluster-helm-mas-6gxvc-3[0m stage [32mfrom-build-pack[0m and container [32mstep-setup-jx-git-credentials[0m
Generated Git credentials file /builder/home/git/credentials

Showing logs for build [32mzeebe-io-zeebe-cluster-helm-mas-6gxvc-3[0m stage [32mfrom-build-pack[0m and container [32mstep-build-basic-auth-username[0m
/builder/home/basic-auth-user.json

Showing logs for build [32mzeebe-io-zeebe-cluster-helm-mas-6gxvc-3[0m stage [32mfrom-build-pack[0m and container [32mstep-build-basic-auth-password[0m
/builder/home/basic-auth-pass.json

Showing logs for build [32mzeebe-io-zeebe-cluster-helm-mas-6gxvc-3[0m stage [32mfrom-build-pack[0m and container [32mstep-build-release[0m
rm -rf zeebe-cluster/charts
rm -rf zeebe-cluster/zeebe-cluster*.tgz
rm -rf zeebe-cluster/requirements.lock
helm init --client-only
Creating /builder/home/.helm 
Creating /builder/home/.helm/repository 
Creating /builder/home/.helm/repository/cache 
Creating /builder/home/.helm/repository/local 
Creating /builder/home/.helm/plugins 
Creating /builder/home/.helm/starters 
Creating /builder/home/.helm/cache/archive 
Creating /builder/home/.helm/repository/repositories.yaml 
Adding stable repo with URL: https://kubernetes-charts.storage.googleapis.com 
Adding local repo with URL: http://127.0.0.1:8879/charts 
$HELM_HOME has been configured at /builder/home/.helm.
Not installing Tiller due to 'client-only' flag having been set
Happy Helming!
helm repo add jenkins-x http://chartmuseum.jenkins-x.io
"jenkins-x" has been added to your repositories
helm repo add elastic http://helm.elastic.co
"elastic" has been added to your repositories
helm repo add releases http://jenkins-x-chartmuseum:8080
"releases" has been added to your repositories
helm dependency build zeebe-cluster
Hang tight while we grab the latest from your chart repositories...
...Unable to get an update from the "local" chart repository (http://127.0.0.1:8879/charts):
	Get http://127.0.0.1:8879/charts/index.yaml: dial tcp 127.0.0.1:8879: connect: connection refused
...Successfully got an update from the "releases" chart repository
...Successfully got an update from the "elastic" chart repository
...Successfully got an update from the "stable" chart repository
...Successfully got an update from the "jenkins-x" chart repository
Update Complete. ⎈Happy Helming!⎈
Saving 3 charts
Downloading elasticsearch from repo http://helm.elastic.co
Downloading kibana from repo http://helm.elastic.co
Downloading prometheus-operator from repo https://kubernetes-charts.storage.googleapis.com/
Deleting outdated charts
helm lint zeebe-cluster
==> Linting zeebe-cluster
Lint OK

1 chart(s) linted, no failures
sed -i -e "s/version:.*/version: 0.0.116/" zeebe-cluster/Chart.yaml
helm package zeebe-cluster
Successfully packaged chart and saved it to: /workspace/source/zeebe-cluster-0.0.116.tgz
curl --fail -u *****:*********** --data-binary "@zeebe-cluster-0.0.116.tgz" http://jenkins-x-chartmuseum:8080/api/charts
  % Total    % Received % Xferd  Average Speed   Time    Time     Time  Current
                                 Dload  Upload   Total   Spent    Left  Speed
{"saved":true}rm -rf zeebe-cluster*.tgz
  0     0    0     0    0     0      0      0 --:--:-- --:--:-- --:--:--     0100  273k  100    14  100  273k    233  4573k --:--:-- --:--:-- --:--:-- 4639k
** step changelog  --verbose --version 0.0.116 
DEBUG: LC_ALL=C JX_LOG_LEVEL=error git rev-parse --is-shallow-repository
DEBUG: LC_ALL=C JX_LOG_LEVEL=error git fetch --unshallow
DEBUG: LC_ALL=C JX_LOG_LEVEL=error git fetch --tags
Converted /workspace/source to an unshallow repository
DEBUG: LC_ALL=C JX_LOG_LEVEL=error git for-each-ref --sort=-creatordate --format=%(objectname)%00%(refname:short) --count=2 refs/tags
DEBUG: JX_LOG_LEVEL=error LC_ALL=C git rev-list -n 1 e7e5aa2ecdb99fee2443cab4f6b9e5060589fb33
DEBUG: LC_ALL=C JX_LOG_LEVEL=error git for-each-ref --sort=-creatordate --format=%(objectname)%00%(refname:short) --count=1 refs/tags
DEBUG: LC_ALL=C JX_LOG_LEVEL=error git rev-list -n 1 abc76acd4b93468c94f60a88b7b2fc82681cc12d
DEBUG: Using helmBinary helm with feature flag: template-mode
Generating change log from git ref c362e223db9a96bf5caea92b56614cef603d5d3a => 807fc905ea4ef0b9245a4e9f7437a18a3df9cf0c
DEBUG: Found commits:
DEBUG:   commit 7cbd4394c8a6db2d7568e3f7e7531d5303dc3b39
DEBUG:   Author: ******* <*******@gmail.com>
DEBUG:   Date: Mon Jun 15 10:55:46 2020
DEBUG:       try make file for first build



WARNING: Failed to enrich commit 7cbd4394c8a6db2d7568e3f7e7531d5303dc3b39 with issues: selected more than one user from users.jenkins.io: [******* x-0]
WARNING: Failed to enrich commit 7cbd4394c8a6db2d7568e3f7e7531d5303dc3b39 with issues: selected more than one user from users.jenkins.io: [******* x-0]
Finding issues in commit messages using git format
DEBUG: Generated release notes:

## Changes

* try make file for first build

DEBUG: LC_ALL=C JX_LOG_LEVEL=error git tag --list 0.0.116
DEBUG: LC_ALL=C JX_LOG_LEVEL=error git tag --list v0.0.116
WARNING: No release found for zeebe-io/zeebe-cluster-helm and tag v0.0.116 so creating a new release
Updated the release information at https://github.com/zeebe-io/zeebe-cluster-helm/releases/tag/v0.0.116
DEBUG: Not adding dependency matrix /workspace/source/dependency-matrix/matrix.yaml as does not exist
generated: /workspace/source/zeebe-cluster/templates/release.yaml
Created Release zeebe-cluster-helm-0-0-116 resource in namespace **
Updating PipelineActivity zeebe-io-zeebe-cluster-helm-master-3 with version 0.0.116
Updated PipelineActivities zeebe-io-zeebe-cluster-helm-master-3 with release notes URL: https://github.com/zeebe-io/zeebe-cluster-helm/releases/tag/v0.0.116

Showing logs for build [32mzeebe-io-zeebe-cluster-helm-mas-6gxvc-3[0m stage [32mfrom-build-pack[0m and container [32mstep-promote-step6[0m
Using https://github.com/zeebe-io/zeebe-cluster-helm as source for change discovered from git repo in /workspace/source
Created Pull Request: https://github.com/zeebe-io/zeebe-full-helm/pull/72
Added label updatebot to Pull Request https://github.com/zeebe-io/zeebe-full-helm/pull/72
