
Showing logs for build [32mmeta-zeebe-io-zeebe-cluster-hel-nphxb-4[0m stage [32mmeta-pipeline[0m and container [32mstep-credential-initializer-5xttt[0m
{"level":"info","ts":1592215104.3695002,"logger":"fallback-logger","caller":"logging/config.go:69","msg":"Fetch GitHub commit ID from kodata failed: open /var/run/ko/refs/heads/0.8.0-ns-support: no such file or directory"}
{"level":"info","ts":1592215104.370869,"logger":"fallback-logger","caller":"creds-init/main.go:40","msg":"Credentials initialized."}

Showing logs for build [32mmeta-zeebe-io-zeebe-cluster-hel-nphxb-4[0m stage [32mmeta-pipeline[0m and container [32mstep-working-dir-initializer-p84bf[0m
{"level":"info","ts":1592215105.4946213,"logger":"fallback-logger","caller":"logging/config.go:69","msg":"Fetch GitHub commit ID from kodata failed: open /var/run/ko/HEAD: no such file or directory"}
{"level":"info","ts":1592215105.5113795,"logger":"fallback-logger","caller":"bash/main.go:64","msg":"Successfully executed command \"sh -c mkdir -p /workspace/source\"; output "}

Showing logs for build [32mmeta-zeebe-io-zeebe-cluster-hel-nphxb-4[0m stage [32mmeta-pipeline[0m and container [32mstep-place-tools[0m

Showing logs for build [32mmeta-zeebe-io-zeebe-cluster-hel-nphxb-4[0m stage [32mmeta-pipeline[0m and container [32mstep-git-source-meta-zeebe-io-zeebe-cluster-hel-nphxb-flsfr[0m
{"level":"info","ts":1592215109.4849572,"logger":"fallback-logger","caller":"logging/config.go:69","msg":"Fetch GitHub commit ID from kodata failed: open /var/run/ko/refs/heads/0.8.0-ns-support: no such file or directory"}
{"level":"info","ts":1592215110.858583,"logger":"fallback-logger","caller":"git/git.go:103","msg":"Successfully cloned https://github.com/zeebe-io/zeebe-cluster-helm.git @ aa22bcb9cac58f79f6b0cebf3d9bbfb37b5e681a in path /workspace/source"}

Showing logs for build [32mmeta-zeebe-io-zeebe-cluster-hel-nphxb-4[0m stage [32mmeta-pipeline[0m and container [32mstep-git-merge[0m
Using SHAs from PULL_REFS=master:aa22bcb9cac58f79f6b0cebf3d9bbfb37b5e681a
WARNING: no SHAs to merge, falling back to initial cloned commit

Showing logs for build [32mmeta-zeebe-io-zeebe-cluster-hel-nphxb-4[0m stage [32mmeta-pipeline[0m and container [32mstep-merge-pull-refs[0m
SKIP merge-pull-refs: Nothing to merge

Showing logs for build [32mmeta-zeebe-io-zeebe-cluster-hel-nphxb-4[0m stage [32mmeta-pipeline[0m and container [32mstep-create-effective-pipeline[0m
Effective pipeline written to jenkins-x-release-effective.yml

Showing logs for build [32mmeta-zeebe-io-zeebe-cluster-hel-nphxb-4[0m stage [32mmeta-pipeline[0m and container [32mstep-create-tekton-crds[0m
running command: ** step next-version --use-git-tag-only --tag
created new version: 0.0.117 and written to file: ./VERSION
error: Have you set up a git credential helper? See https://help.github.com/articles/caching-your-github-password-in-git/
: git output: To https://github.com/zeebe-io/zeebe-cluster-helm.git
 ! [rejected]        v0.0.117 -> v0.0.117 (already exists)
error: failed to push some refs to 'https://github.com/zeebe-io/zeebe-cluster-helm.git'
hint: Updates were rejected because the tag already exists in the remote.: failed to run 'git push origin v0.0.117' command in directory '', output: 'To https://github.com/zeebe-io/zeebe-cluster-helm.git
 ! [rejected]        v0.0.117 -> v0.0.117 (already exists)
error: failed to push some refs to 'https://github.com/zeebe-io/zeebe-cluster-helm.git'
hint: Updates were rejected because the tag already exists in the remote.'
error: failed to set the version on release pipelines: failed to run '/bin/sh -c ** step next-version --use-git-tag-only --tag' command in directory '/workspace/source', output: ''
[31m
Pipeline failed on stage 'meta-pipeline' : container 'step-create-tekton-crds'. The execution of the pipeline has stopped.[0m
