
Showing logs for build [32mzeebe-io-zeebe-cluster-helm-mas-kkgtc-8[0m stage [32mfrom-build-pack[0m and container [32mstep-credential-initializer-9lxqz[0m
{"level":"info","ts":1592227759.159844,"logger":"fallback-logger","caller":"logging/config.go:69","msg":"Fetch GitHub commit ID from kodata failed: open /var/run/ko/refs/heads/0.8.0-ns-support: no such file or directory"}
{"level":"info","ts":1592227759.1603394,"logger":"fallback-logger","caller":"creds-init/main.go:40","msg":"Credentials initialized."}

Showing logs for build [32mzeebe-io-zeebe-cluster-helm-mas-kkgtc-8[0m stage [32mfrom-build-pack[0m and container [32mstep-working-dir-initializer-8t6gm[0m
{"level":"info","ts":1592227759.474561,"logger":"fallback-logger","caller":"logging/config.go:69","msg":"Fetch GitHub commit ID from kodata failed: open /var/run/ko/HEAD: no such file or directory"}
{"level":"info","ts":1592227759.4756014,"logger":"fallback-logger","caller":"bash/main.go:64","msg":"Successfully executed command \"sh -c mkdir -p /workspace/source\"; output "}

Showing logs for build [32mzeebe-io-zeebe-cluster-helm-mas-kkgtc-8[0m stage [32mfrom-build-pack[0m and container [32mstep-place-tools[0m

Showing logs for build [32mzeebe-io-zeebe-cluster-helm-mas-kkgtc-8[0m stage [32mfrom-build-pack[0m and container [32mstep-git-source-zeebe-io-zeebe-cluster-helm-mas-kkgtc-ghsv8[0m
{"level":"info","ts":1592227764.5801547,"logger":"fallback-logger","caller":"logging/config.go:69","msg":"Fetch GitHub commit ID from kodata failed: open /var/run/ko/refs/heads/0.8.0-ns-support: no such file or directory"}
{"level":"info","ts":1592227765.8558059,"logger":"fallback-logger","caller":"git/git.go:103","msg":"Successfully cloned https://github.com/zeebe-io/zeebe-cluster-helm.git @ v0.0.121 in path /workspace/source"}

Showing logs for build [32mzeebe-io-zeebe-cluster-helm-mas-kkgtc-8[0m stage [32mfrom-build-pack[0m and container [32mstep-git-merge[0m
Using SHAs from PULL_REFS=master:d3311ec786829083232597f781b61d8ec917470d
WARNING: no SHAs to merge, falling back to initial cloned commit

Showing logs for build [32mzeebe-io-zeebe-cluster-helm-mas-kkgtc-8[0m stage [32mfrom-build-pack[0m and container [32mstep-setup-jx-git-credentials[0m
Generated Git credentials file /builder/home/git/credentials

Showing logs for build [32mzeebe-io-zeebe-cluster-helm-mas-kkgtc-8[0m stage [32mfrom-build-pack[0m and container [32mstep-build-basic-auth-username[0m
/builder/home/basic-auth-user.json

Showing logs for build [32mzeebe-io-zeebe-cluster-helm-mas-kkgtc-8[0m stage [32mfrom-build-pack[0m and container [32mstep-build-basic-auth-password[0m
/builder/home/basic-auth-pass.json

Showing logs for build [32mzeebe-io-zeebe-cluster-helm-mas-kkgtc-8[0m stage [32mfrom-build-pack[0m and container [32mstep-build-release[0m
rm -rf zeebe-cluster/charts
rm -rf zeebe-cluster/zeebe-cluster*.tgz
rm -rf zeebe-cluster/requirements.lock
helm init --client-only
Creating /builder/home/.helm 
Creating /builder/home/.helm/repository 
Creating /builder/home/.helm/repository/cache 
Creating /builder/home/.helm/repository/local 
Creating /builder/home/.helm/plugins 
Creating /builder/home/.helm/starters 
Creating /builder/home/.helm/cache/archive 
Creating /builder/home/.helm/repository/repositories.yaml 
Adding stable repo with URL: https://kubernetes-charts.storage.googleapis.com 
Adding local repo with URL: http://127.0.0.1:8879/charts 
$HELM_HOME has been configured at /builder/home/.helm.
Not installing Tiller due to 'client-only' flag having been set
Happy Helming!
helm repo add jenkins-x http://chartmuseum.jenkins-x.io
"jenkins-x" has been added to your repositories
helm repo add elastic http://helm.elastic.co
"elastic" has been added to your repositories
helm repo add releases http://jenkins-x-chartmuseum:8080
"releases" has been added to your repositories
helm dependency build zeebe-cluster
Hang tight while we grab the latest from your chart repositories...
...Unable to get an update from the "local" chart repository (http://127.0.0.1:8879/charts):
	Get http://127.0.0.1:8879/charts/index.yaml: dial tcp 127.0.0.1:8879: connect: connection refused
...Successfully got an update from the "releases" chart repository
...Successfully got an update from the "elastic" chart repository
...Successfully got an update from the "stable" chart repository
...Successfully got an update from the "jenkins-x" chart repository
Update Complete. ⎈Happy Helming!⎈
Saving 3 charts
Downloading elasticsearch from repo http://helm.elastic.co
Downloading kibana from repo http://helm.elastic.co
Downloading prometheus-operator from repo https://kubernetes-charts.storage.googleapis.com/
Deleting outdated charts
helm lint zeebe-cluster
==> Linting zeebe-cluster
Lint OK

1 chart(s) linted, no failures
sed -i -e "s/version:.*/version: 0.0.121/" zeebe-cluster/Chart.yaml
helm package zeebe-cluster
Successfully packaged chart and saved it to: /workspace/source/zeebe-cluster-0.0.121.tgz
curl --fail -u *****:*********** --data-binary "@zeebe-cluster-0.0.121.tgz" http://jenkins-x-chartmuseum:8080/api/charts
  % Total    % Received % Xferd  Average Speed   Time    Time     Time  Current
                                 Dload  Upload   Total   Spent    Left  Speed
{"saved":true}rm -rf zeebe-cluster*.tgz
  0     0    0     0    0     0      0      0 --:--:-- --:--:-- --:--:--     0100  273k  100    14  100  273k    146  2867k --:--:-- --:--:-- --:--:-- 2882k

Showing logs for build [32mzeebe-io-zeebe-cluster-helm-mas-kkgtc-8[0m stage [32mfrom-build-pack[0m and container [32mstep-promote-step6[0m
Using https://github.com/zeebe-io/zeebe-cluster-helm as source for change discovered from git repo in /workspace/source
Updated Pull Request: https://github.com/zeebe-io/zeebe-full-helm/pull/72
Added label updatebot to Pull Request https://github.com/zeebe-io/zeebe-full-helm/pull/72
