
Showing logs for build [32mzeebe-io-zeebe-cluster-helm-pr-xkhnf-1[0m stage [32mfrom-build-pack[0m and container [32mstep-credential-initializer-ccx5s[0m
{"level":"info","ts":1592402543.2663076,"logger":"fallback-logger","caller":"logging/config.go:69","msg":"Fetch GitHub commit ID from kodata failed: open /var/run/ko/refs/heads/0.8.0-ns-support: no such file or directory"}
{"level":"info","ts":1592402543.2678099,"logger":"fallback-logger","caller":"creds-init/main.go:40","msg":"Credentials initialized."}

Showing logs for build [32mzeebe-io-zeebe-cluster-helm-pr-xkhnf-1[0m stage [32mfrom-build-pack[0m and container [32mstep-working-dir-initializer-5mc42[0m
{"level":"info","ts":1592402544.5548162,"logger":"fallback-logger","caller":"logging/config.go:69","msg":"Fetch GitHub commit ID from kodata failed: open /var/run/ko/HEAD: no such file or directory"}
{"level":"info","ts":1592402544.5568755,"logger":"fallback-logger","caller":"bash/main.go:64","msg":"Successfully executed command \"sh -c mkdir -p /workspace/source\"; output "}

Showing logs for build [32mzeebe-io-zeebe-cluster-helm-pr-xkhnf-1[0m stage [32mfrom-build-pack[0m and container [32mstep-place-tools[0m

Showing logs for build [32mzeebe-io-zeebe-cluster-helm-pr-xkhnf-1[0m stage [32mfrom-build-pack[0m and container [32mstep-git-source-zeebe-io-zeebe-cluster-helm-pr-xkhnf-gz2s2[0m
{"level":"info","ts":1592402548.5796275,"logger":"fallback-logger","caller":"logging/config.go:69","msg":"Fetch GitHub commit ID from kodata failed: open /var/run/ko/refs/heads/0.8.0-ns-support: no such file or directory"}
{"level":"info","ts":1592402549.8073037,"logger":"fallback-logger","caller":"git/git.go:103","msg":"Successfully cloned https://github.com/zeebe-io/zeebe-cluster-helm.git @ master in path /workspace/source"}

Showing logs for build [32mzeebe-io-zeebe-cluster-helm-pr-xkhnf-1[0m stage [32mfrom-build-pack[0m and container [32mstep-git-merge[0m
Using SHAs from PULL_REFS=master:d3311ec786829083232597f781b61d8ec917470d,40:ea8056d0dd2c588cdb61b2e5a95c777dda4a1c36
DEBUG: LC_ALL=C JX_LOG_LEVEL=error git fetch origin --unshallow ea8056d0dd2c588cdb61b2e5a95c777dda4a1c36: d3311ec786829083232597f781b61d8ec917470d:
DEBUG: ran git fetch --unshallow origin ea8056d0dd2c588cdb61b2e5a95c777dda4a1c36: d3311ec786829083232597f781b61d8ec917470d: in 
DEBUG: LC_ALL=C JX_LOG_LEVEL=error git branch
DEBUG: LC_ALL=C JX_LOG_LEVEL=error git checkout master
DEBUG: ran git checkout master in 
DEBUG: LC_ALL=C JX_LOG_LEVEL=error git reset --hard d3311ec786829083232597f781b61d8ec917470d
DEBUG: ran git reset --hard d3311ec786829083232597f781b61d8ec917470d in 
DEBUG: LC_ALL=C JX_LOG_LEVEL=error git clean -fd .
DEBUG: ran clean --force -d . in 
DEBUG: LC_ALL=C JX_LOG_LEVEL=error git merge ea8056d0dd2c588cdb61b2e5a95c777dda4a1c36
DEBUG: ran git merge ea8056d0dd2c588cdb61b2e5a95c777dda4a1c36 in 
DEBUG: LC_ALL=C JX_LOG_LEVEL=error git log --format=%H%x1f%an%x1f%ae%x1f%cn%x1f%ce%x1f%s%n%b%x1e d3311ec786829083232597f781b61d8ec917470d..HEAD
Merged SHA ea8056d0dd2c588cdb61b2e5a95c777dda4a1c36 with commit message 'chore(README): update README with new log4j2 value' into base branch master
Merged SHA cb03ebf5481717b0cca3cc627d07ce002c4cc95d with commit message 'feat(broker): support custom logging configuration' into base branch master

Showing logs for build [32mzeebe-io-zeebe-cluster-helm-pr-xkhnf-1[0m stage [32mfrom-build-pack[0m and container [32mstep-build-build[0m
cat: /builder/home/basic-auth-user.json: No such file or directory
cat: /builder/home/basic-auth-pass.json: No such file or directory
rm -rf zeebe-cluster/charts
rm -rf zeebe-cluster/zeebe-cluster*.tgz
rm -rf zeebe-cluster/requirements.lock
helm init --client-only
Creating /builder/home/.helm 
Creating /builder/home/.helm/repository 
Creating /builder/home/.helm/repository/cache 
Creating /builder/home/.helm/repository/local 
Creating /builder/home/.helm/plugins 
Creating /builder/home/.helm/starters 
Creating /builder/home/.helm/cache/archive 
Creating /builder/home/.helm/repository/repositories.yaml 
Adding stable repo with URL: https://kubernetes-charts.storage.googleapis.com 
Adding local repo with URL: http://127.0.0.1:8879/charts 
$HELM_HOME has been configured at /builder/home/.helm.
Not installing Tiller due to 'client-only' flag having been set
Happy Helming!
helm repo add jenkins-x http://chartmuseum.jenkins-x.io
"jenkins-x" has been added to your repositories
helm repo add elastic http://helm.elastic.co
"elastic" has been added to your repositories
helm repo add releases http://jenkins-x-chartmuseum:8080
"releases" has been added to your repositories
helm dependency build zeebe-cluster
Hang tight while we grab the latest from your chart repositories...
...Unable to get an update from the "local" chart repository (http://127.0.0.1:8879/charts):
	Get http://127.0.0.1:8879/charts/index.yaml: dial tcp 127.0.0.1:8879: connect: connection refused
...Successfully got an update from the "releases" chart repository
...Successfully got an update from the "elastic" chart repository
...Successfully got an update from the "stable" chart repository
...Successfully got an update from the "jenkins-x" chart repository
Update Complete. ⎈Happy Helming!⎈
Saving 3 charts
Downloading elasticsearch from repo http://helm.elastic.co
Downloading kibana from repo http://helm.elastic.co
Downloading prometheus-operator from repo https://kubernetes-charts.storage.googleapis.com/
Deleting outdated charts
helm lint zeebe-cluster
==> Linting zeebe-cluster
[ERROR] templates/: parse error in "zeebe-cluster/templates/configmap.yaml": template: zeebe-cluster/templates/configmap.yaml:47: function "Values" not defined

Error: 1 chart(s) linted, 1 chart(s) failed
make: *** [build] Error 1
[31m
Pipeline failed on stage 'from-build-pack' : container 'step-build-build'. The execution of the pipeline has stopped.[0m
