
Showing logs for build [32mzeebe-io-zeebe-cluster-helm-pr-gm2nl-4[0m stage [32mfrom-build-pack[0m and container [32mstep-credential-initializer-bxwx2[0m
{"level":"info","ts":1592405466.9134502,"logger":"fallback-logger","caller":"logging/config.go:69","msg":"Fetch GitHub commit ID from kodata failed: open /var/run/ko/refs/heads/0.8.0-ns-support: no such file or directory"}
{"level":"info","ts":1592405466.9170856,"logger":"fallback-logger","caller":"creds-init/main.go:40","msg":"Credentials initialized."}

Showing logs for build [32mzeebe-io-zeebe-cluster-helm-pr-gm2nl-4[0m stage [32mfrom-build-pack[0m and container [32mstep-working-dir-initializer-vkvg6[0m
{"level":"info","ts":1592405467.8697598,"logger":"fallback-logger","caller":"logging/config.go:69","msg":"Fetch GitHub commit ID from kodata failed: open /var/run/ko/HEAD: no such file or directory"}
{"level":"info","ts":1592405467.873528,"logger":"fallback-logger","caller":"bash/main.go:64","msg":"Successfully executed command \"sh -c mkdir -p /workspace/source\"; output "}

Showing logs for build [32mzeebe-io-zeebe-cluster-helm-pr-gm2nl-4[0m stage [32mfrom-build-pack[0m and container [32mstep-place-tools[0m

Showing logs for build [32mzeebe-io-zeebe-cluster-helm-pr-gm2nl-4[0m stage [32mfrom-build-pack[0m and container [32mstep-git-source-zeebe-io-zeebe-cluster-helm-pr-gm2nl-4wgrq[0m
{"level":"info","ts":1592405471.9361336,"logger":"fallback-logger","caller":"logging/config.go:69","msg":"Fetch GitHub commit ID from kodata failed: open /var/run/ko/refs/heads/0.8.0-ns-support: no such file or directory"}
{"level":"info","ts":1592405473.1651545,"logger":"fallback-logger","caller":"git/git.go:103","msg":"Successfully cloned https://github.com/zeebe-io/zeebe-cluster-helm.git @ master in path /workspace/source"}

Showing logs for build [32mzeebe-io-zeebe-cluster-helm-pr-gm2nl-4[0m stage [32mfrom-build-pack[0m and container [32mstep-git-merge[0m
Using SHAs from PULL_REFS=master:4ccd101e5736d22b391cea8a316bbc86ba8e08ad,40:aa695e1cf5ba4ade900c6a733c866dc959a3c155
DEBUG: LC_ALL=C JX_LOG_LEVEL=error git fetch origin --unshallow aa695e1cf5ba4ade900c6a733c866dc959a3c155: 4ccd101e5736d22b391cea8a316bbc86ba8e08ad:
DEBUG: ran git fetch --unshallow origin aa695e1cf5ba4ade900c6a733c866dc959a3c155: 4ccd101e5736d22b391cea8a316bbc86ba8e08ad: in 
DEBUG: LC_ALL=C JX_LOG_LEVEL=error git branch
DEBUG: LC_ALL=C JX_LOG_LEVEL=error git checkout master
DEBUG: ran git checkout master in 
DEBUG: LC_ALL=C JX_LOG_LEVEL=error git reset --hard 4ccd101e5736d22b391cea8a316bbc86ba8e08ad
DEBUG: ran git reset --hard 4ccd101e5736d22b391cea8a316bbc86ba8e08ad in 
DEBUG: LC_ALL=C JX_LOG_LEVEL=error git clean -fd .
DEBUG: ran clean --force -d . in 
DEBUG: LC_ALL=C JX_LOG_LEVEL=error git merge aa695e1cf5ba4ade900c6a733c866dc959a3c155
DEBUG: ran git merge aa695e1cf5ba4ade900c6a733c866dc959a3c155 in 
DEBUG: LC_ALL=C JX_LOG_LEVEL=error git log --format=%H%x1f%an%x1f%ae%x1f%cn%x1f%ce%x1f%s%n%b%x1e 4ccd101e5736d22b391cea8a316bbc86ba8e08ad..HEAD
Merged SHA 75b83b254fa0dc0e71bd31487324621b098ada7f with commit message 'Merge commit 'aa695e1cf5ba4ade900c6a733c866dc959a3c155'' into base branch master
Merged SHA aa695e1cf5ba4ade900c6a733c866dc959a3c155 with commit message 'chore: fix correct config path' into base branch master
Merged SHA 0197b4cdfe33d57b930c99b02d04d3ccdea0b41b with commit message 'chore: added gateway custom log config' into base branch master
Merged SHA e519843c012628d1c7d5a38412257ced1d7bd34a with commit message 'chore: fix typo' into base branch master
Merged SHA 92056e24b0668331491a1c4f5168aa57be3c912d with commit message 'chore: set default log level to info' into base branch master
Merged SHA ea8056d0dd2c588cdb61b2e5a95c777dda4a1c36 with commit message 'chore(README): update README with new log4j2 value' into base branch master
Merged SHA cb03ebf5481717b0cca3cc627d07ce002c4cc95d with commit message 'feat(broker): support custom logging configuration' into base branch master

Showing logs for build [32mzeebe-io-zeebe-cluster-helm-pr-gm2nl-4[0m stage [32mfrom-build-pack[0m and container [32mstep-build-build[0m
cat: /builder/home/basic-auth-user.json: No such file or directory
cat: /builder/home/basic-auth-pass.json: No such file or directory
rm -rf zeebe-cluster/charts
rm -rf zeebe-cluster/zeebe-cluster*.tgz
rm -rf zeebe-cluster/requirements.lock
helm init --client-only
Creating /builder/home/.helm 
Creating /builder/home/.helm/repository 
Creating /builder/home/.helm/repository/cache 
Creating /builder/home/.helm/repository/local 
Creating /builder/home/.helm/plugins 
Creating /builder/home/.helm/starters 
Creating /builder/home/.helm/cache/archive 
Creating /builder/home/.helm/repository/repositories.yaml 
Adding stable repo with URL: https://kubernetes-charts.storage.googleapis.com 
Adding local repo with URL: http://127.0.0.1:8879/charts 
$HELM_HOME has been configured at /builder/home/.helm.
Not installing Tiller due to 'client-only' flag having been set
Happy Helming!
helm repo add jenkins-x http://chartmuseum.jenkins-x.io
"jenkins-x" has been added to your repositories
helm repo add elastic http://helm.elastic.co
"elastic" has been added to your repositories
helm repo add releases http://jenkins-x-chartmuseum:8080
"releases" has been added to your repositories
helm dependency build zeebe-cluster
Hang tight while we grab the latest from your chart repositories...
...Unable to get an update from the "local" chart repository (http://127.0.0.1:8879/charts):
	Get http://127.0.0.1:8879/charts/index.yaml: dial tcp 127.0.0.1:8879: connect: connection refused
...Successfully got an update from the "releases" chart repository
...Successfully got an update from the "elastic" chart repository
...Successfully got an update from the "stable" chart repository
...Successfully got an update from the "jenkins-x" chart repository
Update Complete. âˆHappy Helming!âˆ
Saving 3 charts
Downloading elasticsearch from repo http://helm.elastic.co
Downloading kibana from repo http://helm.elastic.co
Downloading prometheus-operator from repo https://kubernetes-charts.storage.googleapis.com/
Deleting outdated charts
helm lint zeebe-cluster
==> Linting zeebe-cluster
Lint OK

1 chart(s) linted, no failures
